<?xml version="1.0" encoding="UTF-8"?>
<!-- Generated by org.testng.reporters.JUnitXMLReporter -->
<testsuite hostname="TerraLinux" ignored="0" name="Validtate Title Test" tests="1" failures="1" timestamp="09 Apr 2019 09:05:45 GMT" time="0.023" errors="0">
  <testcase name="validatesTitle" time="0.012" classname="Testcases.TestCase2">
    <failure type="java.lang.AssertionError" message="The following asserts failed:
	expected [Yahoo.com] but found [Gmail.com],
	Element not found! expected [true] but found [false],
	Failing testcase as the condition is not met!">
      <![CDATA[java.lang.AssertionError: The following asserts failed:
expected [Yahoo.com] but found [Gmail.com],
Element not found! expected [true] but found [false],
Failing testcase as the condition is not met!
at Testcases.TestCase2.validatesTitle(TestCase2.java:40)
... Removed 26 stack frames]]>
    </failure>
  </testcase> <!-- validatesTitle -->
</testsuite> <!-- Validtate Title Test -->
